<?xml version="1.0" encoding="UTF-8"?>
<!-- Generated by org.testng.reporters.JUnitReportReporter -->
<testsuite hostname="DESKTOP-JCJ8HOK" failures="0" tests="2" name="pom.POM_001" time="33.756" errors="0" timestamp="21 Jun 2022 02:34:04 GMT" skipped="1">
  <testcase classname="pom.POM_001" name="customerReg" time="33.756"/>
  <testcase classname="pom.POM_001" name="f">
    <skipped/>
  </testcase> <!-- f -->
</testsuite> <!-- pom.POM_001 -->
